<?xml version="1.0" encoding="UTF-8"?>
<testsuite name="FindTest" tests="1" skipped="0" failures="0" errors="0" timestamp="2022-05-13T10:50:51" hostname="DESKTOP-DC13AIS" time="0.074">
  <properties/>
  <testcase name="test()" classname="FindTest" time="0.074"/>
  <system-out><![CDATA[]]></system-out>
  <system-err><![CDATA[]]></system-err>
</testsuite>
