<?xml version="1.0" encoding="UTF-8"?>
<testsuite name="FindTest" tests="1" skipped="0" failures="0" errors="0" timestamp="2022-05-05T22:02:23" hostname="DESKTOP-DC13AIS" time="0.121">
  <properties/>
  <testcase name="test()" classname="FindTest" time="0.121"/>
  <system-out><![CDATA[]]></system-out>
  <system-err><![CDATA[]]></system-err>
</testsuite>
